2024-11-07 16:50:05,351 ERROR scheduler Skipped queueing frappe.social.doctype.energy_point_log.energy_point_log.send_weekly_summary because it was found in queue for todo.localhost
2024-11-07 16:50:05,467 ERROR scheduler Skipped queueing frappe.integrations.doctype.google_drive.google_drive.daily_backup because it was found in queue for todo.localhost
2024-11-07 16:50:05,490 ERROR scheduler Skipped queueing frappe.integrations.doctype.s3_backup_settings.s3_backup_settings.take_backups_daily because it was found in queue for todo.localhost
2024-11-07 16:50:05,508 ERROR scheduler Skipped queueing frappe.desk.doctype.changelog_feed.changelog_feed.fetch_changelog_feed because it was found in queue for todo.localhost
2024-11-07 16:50:05,519 ERROR scheduler Skipped queueing frappe.integrations.doctype.dropbox_settings.dropbox_settings.take_backups_weekly because it was found in queue for todo.localhost
2024-11-07 16:50:05,584 ERROR scheduler Skipped queueing frappe.integrations.doctype.s3_backup_settings.s3_backup_settings.take_backups_monthly because it was found in queue for todo.localhost
2024-11-07 16:50:05,622 ERROR scheduler Skipped queueing frappe.integrations.doctype.google_drive.google_drive.weekly_backup because it was found in queue for todo.localhost
2024-11-07 16:50:05,632 ERROR scheduler Skipped queueing frappe.email.doctype.auto_email_report.auto_email_report.send_daily because it was found in queue for todo.localhost
2024-11-07 16:50:05,662 ERROR scheduler Skipped queueing frappe.desk.form.document_follow.send_weekly_updates because it was found in queue for todo.localhost
2024-11-07 16:50:05,674 ERROR scheduler Skipped queueing frappe.integrations.doctype.dropbox_settings.dropbox_settings.take_backups_daily because it was found in queue for todo.localhost
2024-11-07 16:50:05,690 ERROR scheduler Skipped queueing frappe.integrations.doctype.s3_backup_settings.s3_backup_settings.take_backups_weekly because it was found in queue for todo.localhost
2024-11-07 16:54:01,809 ERROR scheduler Skipped queueing frappe.desk.form.document_follow.send_weekly_updates because it was found in queue for todo.localhost
2024-11-07 16:54:01,816 ERROR scheduler Skipped queueing frappe.email.doctype.notification.notification.trigger_offset_alerts because it was found in queue for todo.localhost
2024-11-07 16:54:01,831 ERROR scheduler Skipped queueing frappe.social.doctype.energy_point_log.energy_point_log.send_weekly_summary because it was found in queue for todo.localhost
2024-11-07 16:54:01,845 ERROR scheduler Skipped queueing frappe.email.doctype.auto_email_report.auto_email_report.send_daily because it was found in queue for todo.localhost
2024-11-07 16:54:01,854 ERROR scheduler Skipped queueing frappe.monitor.flush because it was found in queue for todo.localhost
2024-11-07 16:54:01,892 ERROR scheduler Skipped queueing frappe.integrations.doctype.dropbox_settings.dropbox_settings.take_backups_daily because it was found in queue for todo.localhost
2024-11-07 16:54:01,933 ERROR scheduler Skipped queueing frappe.integrations.doctype.google_drive.google_drive.daily_backup because it was found in queue for todo.localhost
2024-11-07 16:54:01,943 ERROR scheduler Skipped queueing frappe.email.doctype.email_account.email_account.pull because it was found in queue for todo.localhost
2024-11-07 16:54:01,953 ERROR scheduler Skipped queueing frappe.integrations.doctype.google_drive.google_drive.weekly_backup because it was found in queue for todo.localhost
2024-11-07 16:54:01,987 ERROR scheduler Skipped queueing frappe.integrations.doctype.dropbox_settings.dropbox_settings.take_backups_weekly because it was found in queue for todo.localhost
2024-11-07 16:54:01,995 ERROR scheduler Skipped queueing frappe.automation.doctype.reminder.reminder.send_reminders because it was found in queue for todo.localhost
2024-11-07 16:54:02,009 ERROR scheduler Skipped queueing frappe.desk.doctype.changelog_feed.changelog_feed.fetch_changelog_feed because it was found in queue for todo.localhost
2024-11-07 16:54:02,031 ERROR scheduler Skipped queueing frappe.integrations.doctype.s3_backup_settings.s3_backup_settings.take_backups_weekly because it was found in queue for todo.localhost
2024-11-07 16:54:02,099 ERROR scheduler Skipped queueing frappe.integrations.doctype.s3_backup_settings.s3_backup_settings.take_backups_monthly because it was found in queue for todo.localhost
2024-11-07 16:54:02,109 ERROR scheduler Skipped queueing frappe.integrations.doctype.s3_backup_settings.s3_backup_settings.take_backups_daily because it was found in queue for todo.localhost
